<?xml version="1.0" encoding="UTF-8"?>
<testng-results skipped="0" failed="0" total="1" passed="1">
  <reporter-output>
  </reporter-output>
  <suite name="Suite" duration-ms="18782" started-at="2020-11-03T07:27:28Z" finished-at="2020-11-03T07:27:47Z">
    <groups>
    </groups>
    <test name="Test" duration-ms="18782" started-at="2020-11-03T07:27:28Z" finished-at="2020-11-03T07:27:47Z">
      <class name="tulam.ApiDemos.App_TestCase">
        <test-method status="PASS" signature="actionBarTabs()[pri:0, instance:tulam.ApiDemos.App_TestCase@60c6f5b]" name="actionBarTabs" duration-ms="18768" started-at="2020-11-03T14:27:28Z" finished-at="2020-11-03T14:27:47Z">
          <reporter-output>
          </reporter-output>
        </test-method> <!-- actionBarTabs -->
      </class> <!-- tulam.ApiDemos.App_TestCase -->
    </test> <!-- Test -->
  </suite> <!-- Suite -->
</testng-results>
